<?xml version="1.0" encoding="UTF-8"?>
<!-- Generated by org.testng.reporters.JUnitXMLReporter -->
<testsuite hostname="User-PC" name="Test" tests="1" failures="1" timestamp="16 Mar 2019 14:35:53 GMT" time="0.13" errors="0">
  <testcase name="@AfterClass tearDown" time="0.0" classname="Com.Guru99.Test.TC1_LoginTest">
    <failure type="java.lang.NullPointerException">
      <![CDATA[java.lang.NullPointerException
	at Com.Guru99.Test.BaseClass.tearDown(BaseClass.java:33)
... Removed 24 stack frames]]>
    </failure>
  </testcase> <!-- @AfterClass tearDown -->
  <testcase name="loginCheck" time="0.008" classname="Com.Guru99.Test.TC1_LoginTest">
    <failure type="java.lang.NullPointerException">
      <![CDATA[java.lang.NullPointerException
	at Com.Guru99.Test.TC1_LoginTest.loginCheck(TC1_LoginTest.java:16)
... Removed 24 stack frames]]>
    </failure>
  </testcase> <!-- loginCheck -->
</testsuite> <!-- Test -->
